 04-03-2026 07:56:40:830 [pid=811667 tid=811667] ERROR  0:140 unable to load,  liburcu-bp.so.6 

 04-03-2026 07:56:40:830 [pid=811667 tid=811667] ERROR  0:140 unable to load,  liburcu-bp.so.1 

 04-03-2026 07:56:41:100 [pid=811667 tid=811667] WARN   0:169 failed to open /proc/driver/nvidia-fs/devcount  error: No such file or directory
 04-03-2026 07:56:41:100 [pid=811667 tid=811667] NOTICE  cufio-drv:830 running in compatible mode
 05-03-2026 09:07:02:133 [pid=886293 tid=886293] ERROR  0:140 unable to load,  liburcu-bp.so.6 

 05-03-2026 09:07:02:134 [pid=886293 tid=886293] ERROR  0:140 unable to load,  liburcu-bp.so.1 

 05-03-2026 09:07:02:409 [pid=886293 tid=886293] WARN   0:169 failed to open /proc/driver/nvidia-fs/devcount  error: No such file or directory
 05-03-2026 09:07:02:409 [pid=886293 tid=886293] NOTICE  cufio-drv:830 running in compatible mode
 05-03-2026 09:38:40:391 [pid=887434 tid=887434] ERROR  0:140 unable to load,  liburcu-bp.so.6 

 05-03-2026 09:38:40:391 [pid=887434 tid=887434] ERROR  0:140 unable to load,  liburcu-bp.so.1 

 05-03-2026 09:38:40:671 [pid=887434 tid=887434] WARN   0:169 failed to open /proc/driver/nvidia-fs/devcount  error: No such file or directory
 05-03-2026 09:38:40:671 [pid=887434 tid=887434] NOTICE  cufio-drv:830 running in compatible mode
 06-03-2026 06:49:59:371 [pid=1080161 tid=1080161] ERROR  0:140 unable to load,  liburcu-bp.so.6 

 06-03-2026 06:49:59:375 [pid=1080161 tid=1080161] ERROR  0:140 unable to load,  liburcu-bp.so.1 

 06-03-2026 06:49:59:648 [pid=1080161 tid=1080161] WARN   0:169 failed to open /proc/driver/nvidia-fs/devcount  error: No such file or directory
 06-03-2026 06:49:59:648 [pid=1080161 tid=1080161] NOTICE  cufio-drv:830 running in compatible mode
 06-03-2026 06:50:44:618 [pid=1080859 tid=1080859] ERROR  cufio_core:977 cuInit Failed, error CUDA_ERROR_OPERATING_SYSTEM
 06-03-2026 06:50:44:618 [pid=1080859 tid=1080859] ERROR  cufio_core:1097 cuFile initialization failed
 06-03-2026 08:13:37:139 [pid=1151233 tid=1151233] ERROR  0:140 unable to load,  liburcu-bp.so.6 

 06-03-2026 08:13:37:139 [pid=1151233 tid=1151233] ERROR  0:140 unable to load,  liburcu-bp.so.1 

 06-03-2026 08:13:37:397 [pid=1151233 tid=1151233] WARN   0:169 failed to open /proc/driver/nvidia-fs/devcount  error: No such file or directory
 06-03-2026 08:13:37:398 [pid=1151233 tid=1151233] NOTICE  cufio-drv:830 running in compatible mode
